#-----------------------------------------------------------
# Vivado v2021.1 (64-bit)
# SW Build 3247384 on Thu Jun 10 19:36:07 MDT 2021
# IP Build 3246043 on Fri Jun 11 00:30:35 MDT 2021
# Start of session at: Sun Jan  9 18:08:52 2022
# Process ID: 169368
# Current directory: /home/primeshp/enjoy-digital/fpga_101/pintorv32/build
# Command line: vivado -mode batch -source top.tcl
# Log file: /home/primeshp/enjoy-digital/fpga_101/pintorv32/build/vivado.log
# Journal file: /home/primeshp/enjoy-digital/fpga_101/pintorv32/build/vivado.jou
#-----------------------------------------------------------
Sourcing tcl script '/home/primeshp/.Xilinx/Vivado/Vivado_init.tcl'
source top.tcl
# create_project -force -name top -part xc7a35t-csg324-1
# set_msg_config -id {Common 17-55} -new_severity {Warning}
# read_verilog {/home/primeshp/enjoy-digital/fpga_101/pintorv32/build/top.v}
# read_xdc top.xdc
# set_property PROCESSING_ORDER EARLY [get_files top.xdc]
# synth_design -directive default -top top -part xc7a35t-csg324-1
Command: synth_design -directive default -top top -part xc7a35t-csg324-1
Starting synth_design
Attempting to get a license for feature 'Synthesis' and/or device 'xc7a35t'
INFO: [Common 17-349] Got license for feature 'Synthesis' and/or device 'xc7a35t'
INFO: [Device 21-403] Loading part xc7a35tcsg324-1
INFO: [Synth 8-7079] Multithreading enabled for synth_design using a maximum of 4 processes.
INFO: [Synth 8-7078] Launching helper process for spawning children vivado processes
INFO: [Synth 8-7075] Helper process launched with PID 169417
---------------------------------------------------------------------------------
Starting RTL Elaboration : Time (s): cpu = 00:00:02 ; elapsed = 00:00:02 . Memory (MB): peak = 2483.223 ; gain = 0.000 ; free physical = 7492 ; free virtual = 14836
---------------------------------------------------------------------------------
INFO: [Synth 8-6157] synthesizing module 'top' [/home/primeshp/enjoy-digital/fpga_101/pintorv32/build/top.v:20]
INFO: [Synth 8-3876] $readmem data file 'instrct_mem.init' is read successfully [/home/primeshp/enjoy-digital/fpga_101/pintorv32/build/top.v:722]
INFO: [Synth 8-155] case statement is not full and has no default [/home/primeshp/enjoy-digital/fpga_101/pintorv32/build/top.v:247]
INFO: [Synth 8-155] case statement is not full and has no default [/home/primeshp/enjoy-digital/fpga_101/pintorv32/build/top.v:623]
INFO: [Synth 8-6155] done synthesizing module 'top' (1#1) [/home/primeshp/enjoy-digital/fpga_101/pintorv32/build/top.v:20]
---------------------------------------------------------------------------------
Finished RTL Elaboration : Time (s): cpu = 00:00:03 ; elapsed = 00:00:03 . Memory (MB): peak = 2483.223 ; gain = 0.000 ; free physical = 6732 ; free virtual = 14077
---------------------------------------------------------------------------------
---------------------------------------------------------------------------------
Start Handling Custom Attributes
---------------------------------------------------------------------------------
---------------------------------------------------------------------------------
Finished Handling Custom Attributes : Time (s): cpu = 00:00:03 ; elapsed = 00:00:04 . Memory (MB): peak = 2483.223 ; gain = 0.000 ; free physical = 6726 ; free virtual = 14071
---------------------------------------------------------------------------------
---------------------------------------------------------------------------------
Finished RTL Optimization Phase 1 : Time (s): cpu = 00:00:03 ; elapsed = 00:00:04 . Memory (MB): peak = 2483.223 ; gain = 0.000 ; free physical = 6726 ; free virtual = 14071
---------------------------------------------------------------------------------
Netlist sorting complete. Time (s): cpu = 00:00:00 ; elapsed = 00:00:00 . Memory (MB): peak = 2483.223 ; gain = 0.000 ; free physical = 6719 ; free virtual = 14064
INFO: [Project 1-570] Preparing netlist for logic optimization

Processing XDC Constraints
Initializing timing engine
Parsing XDC File [/home/primeshp/enjoy-digital/fpga_101/pintorv32/build/top.xdc]
WARNING: [Vivado 12-1023] No nets matched for command 'get_nets -hierarchical -filter {mr_ff == TRUE}'. [/home/primeshp/enjoy-digital/fpga_101/pintorv32/build/top.xdc:32]
WARNING: [Vivado 12-180] No cells matched 'get_cells -hierarchical -filter {ars_ff1 == TRUE || ars_ff2 == TRUE}'. [/home/primeshp/enjoy-digital/fpga_101/pintorv32/build/top.xdc:34]
WARNING: [Vivado 12-508] No pins matched 'get_pins -filter {REF_PIN_NAME == PRE} -of_objects [get_cells -hierarchical -filter {ars_ff1 == TRUE || ars_ff2 == TRUE}]'. [/home/primeshp/enjoy-digital/fpga_101/pintorv32/build/top.xdc:34]
WARNING: [Vivado 12-180] No cells matched 'get_cells -hierarchical -filter {ars_ff1 == TRUE}'. [/home/primeshp/enjoy-digital/fpga_101/pintorv32/build/top.xdc:36]
WARNING: [Vivado 12-508] No pins matched 'get_pins -filter {REF_PIN_NAME == C} -of_objects [get_cells -hierarchical -filter {ars_ff1 == TRUE}]'. [/home/primeshp/enjoy-digital/fpga_101/pintorv32/build/top.xdc:36]
WARNING: [Vivado 12-180] No cells matched 'get_cells -hierarchical -filter {ars_ff2 == TRUE}'. [/home/primeshp/enjoy-digital/fpga_101/pintorv32/build/top.xdc:36]
WARNING: [Vivado 12-508] No pins matched 'get_pins -filter {REF_PIN_NAME == D} -of_objects [get_cells -hierarchical -filter {ars_ff2 == TRUE}]'. [/home/primeshp/enjoy-digital/fpga_101/pintorv32/build/top.xdc:36]
Finished Parsing XDC File [/home/primeshp/enjoy-digital/fpga_101/pintorv32/build/top.xdc]
INFO: [Project 1-236] Implementation specific constraints were found while reading constraint file [/home/primeshp/enjoy-digital/fpga_101/pintorv32/build/top.xdc]. These constraints will be ignored for synthesis but will be used in implementation. Impacted constraints are listed in the file [.Xil/top_propImpl.xdc].
Resolution: To avoid this warning, move constraints listed in [.Xil/top_propImpl.xdc] to another XDC file and exclude this new file from synthesis with the used_in_synthesis property (File Properties dialog in GUI) and re-run elaboration/synthesis.
Completed Processing XDC Constraints

Netlist sorting complete. Time (s): cpu = 00:00:00 ; elapsed = 00:00:00 . Memory (MB): peak = 2547.148 ; gain = 0.000 ; free physical = 7465 ; free virtual = 14810
INFO: [Project 1-111] Unisim Transformation Summary:
No Unisim elements were transformed.

Constraint Validation Runtime : Time (s): cpu = 00:00:00 ; elapsed = 00:00:00 . Memory (MB): peak = 2547.148 ; gain = 0.000 ; free physical = 7465 ; free virtual = 14810
---------------------------------------------------------------------------------
Finished Constraint Validation : Time (s): cpu = 00:00:07 ; elapsed = 00:00:07 . Memory (MB): peak = 2547.148 ; gain = 63.926 ; free physical = 7533 ; free virtual = 14878
---------------------------------------------------------------------------------
---------------------------------------------------------------------------------
Start Loading Part and Timing Information
---------------------------------------------------------------------------------
Loading part: xc7a35tcsg324-1
---------------------------------------------------------------------------------
Finished Loading Part and Timing Information : Time (s): cpu = 00:00:07 ; elapsed = 00:00:07 . Memory (MB): peak = 2547.148 ; gain = 63.926 ; free physical = 7533 ; free virtual = 14878
---------------------------------------------------------------------------------
---------------------------------------------------------------------------------
Start Applying 'set_property' XDC Constraints
---------------------------------------------------------------------------------
---------------------------------------------------------------------------------
Finished applying 'set_property' XDC Constraints : Time (s): cpu = 00:00:07 ; elapsed = 00:00:07 . Memory (MB): peak = 2547.148 ; gain = 63.926 ; free physical = 7532 ; free virtual = 14877
---------------------------------------------------------------------------------
---------------------------------------------------------------------------------
Finished RTL Optimization Phase 2 : Time (s): cpu = 00:00:07 ; elapsed = 00:00:08 . Memory (MB): peak = 2547.148 ; gain = 63.926 ; free physical = 7522 ; free virtual = 14867
---------------------------------------------------------------------------------
---------------------------------------------------------------------------------
Start RTL Component Statistics 
---------------------------------------------------------------------------------
Detailed RTL Component Info : 
+---Adders : 
	   3 Input   32 Bit       Adders := 1     
	   2 Input   32 Bit       Adders := 2     
+---XORs : 
	   2 Input     32 Bit         XORs := 1     
+---Registers : 
	               32 Bit    Registers := 1     
	                8 Bit    Registers := 1     
	                1 Bit    Registers := 3     
+---Muxes : 
	  10 Input   32 Bit        Muxes := 1     
	   2 Input   32 Bit        Muxes := 2     
	   3 Input   32 Bit        Muxes := 3     
	   4 Input   32 Bit        Muxes := 1     
	  17 Input   32 Bit        Muxes := 2     
	   7 Input   16 Bit        Muxes := 1     
	   3 Input   16 Bit        Muxes := 1     
	   8 Input   10 Bit        Muxes := 1     
	   3 Input   10 Bit        Muxes := 1     
	   2 Input    8 Bit        Muxes := 1     
	   2 Input    5 Bit        Muxes := 1     
	   4 Input    3 Bit        Muxes := 1     
	   7 Input    2 Bit        Muxes := 1     
	   4 Input    2 Bit        Muxes := 3     
	   6 Input    2 Bit        Muxes := 2     
	   5 Input    2 Bit        Muxes := 2     
	   2 Input    2 Bit        Muxes := 3     
	   2 Input    1 Bit        Muxes := 4     
	   3 Input    1 Bit        Muxes := 1     
	   4 Input    1 Bit        Muxes := 1     
---------------------------------------------------------------------------------
Finished RTL Component Statistics 
---------------------------------------------------------------------------------
---------------------------------------------------------------------------------
Start Part Resource Summary
---------------------------------------------------------------------------------
Part Resources:
DSPs: 90 (col length:60)
BRAMs: 100 (col length: RAMB18 60 RAMB36 30)
---------------------------------------------------------------------------------
Finished Part Resource Summary
---------------------------------------------------------------------------------
---------------------------------------------------------------------------------
Start Cross Boundary and Area Optimization
---------------------------------------------------------------------------------
---------------------------------------------------------------------------------
Finished Cross Boundary and Area Optimization : Time (s): cpu = 00:00:12 ; elapsed = 00:00:12 . Memory (MB): peak = 2547.148 ; gain = 63.926 ; free physical = 7502 ; free virtual = 14851
---------------------------------------------------------------------------------
---------------------------------------------------------------------------------
Start ROM, RAM, DSP, Shift Register and Retiming Reporting
---------------------------------------------------------------------------------

Distributed RAM: Preliminary Mapping Report (see note below)
+------------+-----------------+-----------+----------------------+-------------+
|Module Name | RTL Object      | Inference | Size (Depth x Width) | Primitives  | 
+------------+-----------------+-----------+----------------------+-------------+
|top         | scratchpad2_reg | Implied   | 32 x 32              | RAM32M x 6  | 
|top         | scratchpad1_reg | Implied   | 32 x 32              | RAM32M x 6  | 
+------------+-----------------+-----------+----------------------+-------------+

Note: The table above is a preliminary report that shows the Distributed RAMs at the current stage of the synthesis flow. Some Distributed RAMs may be reimplemented as non Distributed RAM primitives later in the synthesis flow. Multiple instantiated RAMs are reported only once.
---------------------------------------------------------------------------------
Finished ROM, RAM, DSP, Shift Register and Retiming Reporting
---------------------------------------------------------------------------------
---------------------------------------------------------------------------------
Start Applying XDC Timing Constraints
---------------------------------------------------------------------------------
---------------------------------------------------------------------------------
Finished Applying XDC Timing Constraints : Time (s): cpu = 00:00:16 ; elapsed = 00:00:16 . Memory (MB): peak = 2547.148 ; gain = 63.926 ; free physical = 7386 ; free virtual = 14735
---------------------------------------------------------------------------------
---------------------------------------------------------------------------------
Start Timing Optimization
---------------------------------------------------------------------------------
---------------------------------------------------------------------------------
Finished Timing Optimization : Time (s): cpu = 00:00:20 ; elapsed = 00:00:21 . Memory (MB): peak = 2547.148 ; gain = 63.926 ; free physical = 7325 ; free virtual = 14674
---------------------------------------------------------------------------------
---------------------------------------------------------------------------------
Start ROM, RAM, DSP, Shift Register and Retiming Reporting
---------------------------------------------------------------------------------

Distributed RAM: Final Mapping Report
+------------+-----------------+-----------+----------------------+-------------+
|Module Name | RTL Object      | Inference | Size (Depth x Width) | Primitives  | 
+------------+-----------------+-----------+----------------------+-------------+
|top         | scratchpad2_reg | Implied   | 32 x 32              | RAM32M x 6  | 
|top         | scratchpad1_reg | Implied   | 32 x 32              | RAM32M x 6  | 
+------------+-----------------+-----------+----------------------+-------------+

---------------------------------------------------------------------------------
Finished ROM, RAM, DSP, Shift Register and Retiming Reporting
---------------------------------------------------------------------------------
---------------------------------------------------------------------------------
Start Technology Mapping
---------------------------------------------------------------------------------
---------------------------------------------------------------------------------
Finished Technology Mapping : Time (s): cpu = 00:00:20 ; elapsed = 00:00:21 . Memory (MB): peak = 2547.148 ; gain = 63.926 ; free physical = 7325 ; free virtual = 14675
---------------------------------------------------------------------------------
---------------------------------------------------------------------------------
Start IO Insertion
---------------------------------------------------------------------------------
---------------------------------------------------------------------------------
Start Flattening Before IO Insertion
---------------------------------------------------------------------------------
---------------------------------------------------------------------------------
Finished Flattening Before IO Insertion
---------------------------------------------------------------------------------
---------------------------------------------------------------------------------
Start Final Netlist Cleanup
---------------------------------------------------------------------------------
---------------------------------------------------------------------------------
Finished Final Netlist Cleanup
---------------------------------------------------------------------------------
WARNING: [Synth 8-5396] Clock pin WCLK has keep related attribute (keep/mark_debug/dont_touch) which could create extra logic on its net [/home/primeshp/enjoy-digital/fpga_101/pintorv32/build/top.v:20]
---------------------------------------------------------------------------------
Finished IO Insertion : Time (s): cpu = 00:00:23 ; elapsed = 00:00:23 . Memory (MB): peak = 2547.148 ; gain = 63.926 ; free physical = 7339 ; free virtual = 14689
---------------------------------------------------------------------------------
---------------------------------------------------------------------------------
Start Renaming Generated Instances
---------------------------------------------------------------------------------
---------------------------------------------------------------------------------
Finished Renaming Generated Instances : Time (s): cpu = 00:00:23 ; elapsed = 00:00:23 . Memory (MB): peak = 2547.148 ; gain = 63.926 ; free physical = 7340 ; free virtual = 14689
---------------------------------------------------------------------------------
---------------------------------------------------------------------------------
Start Rebuilding User Hierarchy
---------------------------------------------------------------------------------
---------------------------------------------------------------------------------
Finished Rebuilding User Hierarchy : Time (s): cpu = 00:00:23 ; elapsed = 00:00:23 . Memory (MB): peak = 2547.148 ; gain = 63.926 ; free physical = 7340 ; free virtual = 14690
---------------------------------------------------------------------------------
---------------------------------------------------------------------------------
Start Renaming Generated Ports
---------------------------------------------------------------------------------
---------------------------------------------------------------------------------
Finished Renaming Generated Ports : Time (s): cpu = 00:00:23 ; elapsed = 00:00:23 . Memory (MB): peak = 2547.148 ; gain = 63.926 ; free physical = 7340 ; free virtual = 14690
---------------------------------------------------------------------------------
---------------------------------------------------------------------------------
Start Handling Custom Attributes
---------------------------------------------------------------------------------
---------------------------------------------------------------------------------
Finished Handling Custom Attributes : Time (s): cpu = 00:00:23 ; elapsed = 00:00:23 . Memory (MB): peak = 2547.148 ; gain = 63.926 ; free physical = 7340 ; free virtual = 14690
---------------------------------------------------------------------------------
---------------------------------------------------------------------------------
Start Renaming Generated Nets
---------------------------------------------------------------------------------
---------------------------------------------------------------------------------
Finished Renaming Generated Nets : Time (s): cpu = 00:00:23 ; elapsed = 00:00:23 . Memory (MB): peak = 2547.148 ; gain = 63.926 ; free physical = 7340 ; free virtual = 14690
---------------------------------------------------------------------------------
---------------------------------------------------------------------------------
Start Writing Synthesis Report
---------------------------------------------------------------------------------

Report BlackBoxes: 
+-+--------------+----------+
| |BlackBox name |Instances |
+-+--------------+----------+
+-+--------------+----------+

Report Cell Usage: 
+------+---------+------+
|      |Cell     |Count |
+------+---------+------+
|1     |BUFG     |     1|
|2     |CARRY4   |    27|
|3     |LUT1     |     1|
|4     |LUT2     |    46|
|5     |LUT3     |     2|
|6     |LUT4     |    81|
|7     |LUT5     |    46|
|8     |LUT6     |   117|
|9     |RAM32M   |    10|
|10    |RAM32X1D |     4|
|11    |FDRE     |    37|
|12    |IBUF     |     1|
|13    |OBUF     |     2|
+------+---------+------+
---------------------------------------------------------------------------------
Finished Writing Synthesis Report : Time (s): cpu = 00:00:23 ; elapsed = 00:00:23 . Memory (MB): peak = 2547.148 ; gain = 63.926 ; free physical = 7340 ; free virtual = 14689
---------------------------------------------------------------------------------
Synthesis finished with 0 errors, 0 critical warnings and 1 warnings.
Synthesis Optimization Runtime : Time (s): cpu = 00:00:21 ; elapsed = 00:00:22 . Memory (MB): peak = 2547.148 ; gain = 0.000 ; free physical = 7395 ; free virtual = 14744
Synthesis Optimization Complete : Time (s): cpu = 00:00:23 ; elapsed = 00:00:24 . Memory (MB): peak = 2547.148 ; gain = 63.926 ; free physical = 7395 ; free virtual = 14744
INFO: [Project 1-571] Translating synthesized netlist
Netlist sorting complete. Time (s): cpu = 00:00:00 ; elapsed = 00:00:00.01 . Memory (MB): peak = 2547.148 ; gain = 0.000 ; free physical = 7484 ; free virtual = 14834
INFO: [Netlist 29-17] Analyzing 41 Unisim elements for replacement
INFO: [Netlist 29-28] Unisim Transformation completed in 0 CPU seconds
INFO: [Project 1-570] Preparing netlist for logic optimization
Parsing XDC File [/home/primeshp/enjoy-digital/fpga_101/pintorv32/build/top.xdc]
WARNING: [Vivado 12-1023] No nets matched for command 'get_nets -hierarchical -filter {mr_ff == TRUE}'. [/home/primeshp/enjoy-digital/fpga_101/pintorv32/build/top.xdc:32]
WARNING: [Vivado 12-180] No cells matched 'get_cells -hierarchical -filter {ars_ff1 == TRUE || ars_ff2 == TRUE}'. [/home/primeshp/enjoy-digital/fpga_101/pintorv32/build/top.xdc:34]
WARNING: [Vivado 12-508] No pins matched 'get_pins -filter {REF_PIN_NAME == PRE} -of_objects [get_cells -hierarchical -filter {ars_ff1 == TRUE || ars_ff2 == TRUE}]'. [/home/primeshp/enjoy-digital/fpga_101/pintorv32/build/top.xdc:34]
WARNING: [Vivado 12-180] No cells matched 'get_cells -hierarchical -filter {ars_ff1 == TRUE}'. [/home/primeshp/enjoy-digital/fpga_101/pintorv32/build/top.xdc:36]
WARNING: [Vivado 12-508] No pins matched 'get_pins -filter {REF_PIN_NAME == C} -of_objects [get_cells -hierarchical -filter {ars_ff1 == TRUE}]'. [/home/primeshp/enjoy-digital/fpga_101/pintorv32/build/top.xdc:36]
WARNING: [Vivado 12-180] No cells matched 'get_cells -hierarchical -filter {ars_ff2 == TRUE}'. [/home/primeshp/enjoy-digital/fpga_101/pintorv32/build/top.xdc:36]
WARNING: [Vivado 12-508] No pins matched 'get_pins -filter {REF_PIN_NAME == D} -of_objects [get_cells -hierarchical -filter {ars_ff2 == TRUE}]'. [/home/primeshp/enjoy-digital/fpga_101/pintorv32/build/top.xdc:36]
Finished Parsing XDC File [/home/primeshp/enjoy-digital/fpga_101/pintorv32/build/top.xdc]
INFO: [Opt 31-138] Pushed 0 inverter(s) to 0 load pin(s).
Netlist sorting complete. Time (s): cpu = 00:00:00 ; elapsed = 00:00:00 . Memory (MB): peak = 2547.148 ; gain = 0.000 ; free physical = 7415 ; free virtual = 14764
INFO: [Project 1-111] Unisim Transformation Summary:
  A total of 14 instances were transformed.
  RAM32M => RAM32M (RAMD32(x6), RAMS32(x2)): 10 instances
  RAM32X1D => RAM32X1D (RAMD32(x2)): 4 instances

Synth Design complete, checksum: 5f710af6
INFO: [Common 17-83] Releasing license: Synthesis
20 Infos, 15 Warnings, 0 Critical Warnings and 0 Errors encountered.
synth_design completed successfully
synth_design: Time (s): cpu = 00:00:31 ; elapsed = 00:00:28 . Memory (MB): peak = 2547.148 ; gain = 64.031 ; free physical = 7598 ; free virtual = 14948
# report_timing_summary -file top_timing_synth.rpt
INFO: [Timing 38-35] Done setting XDC timing constraints.
INFO: [Timing 38-91] UpdateTimingParams: Speed grade: -1, Delay Type: min_max.
INFO: [Timing 38-191] Multithreading enabled for timing update using a maximum of 8 CPUs
# report_utilization -hierarchical -file top_utilization_hierarchical_synth.rpt
# report_utilization -file top_utilization_synth.rpt
# opt_design -directive default
Command: opt_design -directive default
INFO: [Vivado_Tcl 4-136] Directive used for opt_design is: default
Attempting to get a license for feature 'Implementation' and/or device 'xc7a35t'
INFO: [Common 17-349] Got license for feature 'Implementation' and/or device 'xc7a35t'
Running DRC as a precondition to command opt_design

Starting DRC Task
INFO: [DRC 23-27] Running DRC with 8 threads
INFO: [Project 1-461] DRC finished with 0 Errors
INFO: [Project 1-462] Please refer to the DRC report (report_drc) for more information.

Time (s): cpu = 00:00:01 ; elapsed = 00:00:00.43 . Memory (MB): peak = 2930.238 ; gain = 159.219 ; free physical = 7305 ; free virtual = 14655

Starting Cache Timing Information Task
Ending Cache Timing Information Task | Checksum: e9ba941e

Time (s): cpu = 00:00:00 ; elapsed = 00:00:00 . Memory (MB): peak = 2930.238 ; gain = 0.000 ; free physical = 7305 ; free virtual = 14655

Starting Logic Optimization Task

Phase 1 Retarget
INFO: [Opt 31-138] Pushed 0 inverter(s) to 0 load pin(s).
INFO: [Opt 31-49] Retargeted 0 cell(s).
Phase 1 Retarget | Checksum: e9ba941e

Time (s): cpu = 00:00:00.03 ; elapsed = 00:00:00.02 . Memory (MB): peak = 2948.223 ; gain = 0.000 ; free physical = 7160 ; free virtual = 14510
INFO: [Opt 31-389] Phase Retarget created 0 cells and removed 0 cells
INFO: [Opt 31-1021] In phase Retarget, 1 netlist objects are constrained preventing optimization. Please run opt_design with -debug_log to get more detail. 

Phase 2 Constant propagation
INFO: [Opt 31-138] Pushed 0 inverter(s) to 0 load pin(s).
Phase 2 Constant propagation | Checksum: e9ba941e

Time (s): cpu = 00:00:00.04 ; elapsed = 00:00:00.03 . Memory (MB): peak = 2948.223 ; gain = 0.000 ; free physical = 7160 ; free virtual = 14510
INFO: [Opt 31-389] Phase Constant propagation created 0 cells and removed 0 cells

Phase 3 Sweep
Phase 3 Sweep | Checksum: 11af2c325

Time (s): cpu = 00:00:00.04 ; elapsed = 00:00:00.03 . Memory (MB): peak = 2948.223 ; gain = 0.000 ; free physical = 7160 ; free virtual = 14510
INFO: [Opt 31-389] Phase Sweep created 0 cells and removed 0 cells
INFO: [Opt 31-1021] In phase Sweep, 2 netlist objects are constrained preventing optimization. Please run opt_design with -debug_log to get more detail. 

Phase 4 BUFG optimization
Phase 4 BUFG optimization | Checksum: 11af2c325

Time (s): cpu = 00:00:00.06 ; elapsed = 00:00:00.05 . Memory (MB): peak = 2948.223 ; gain = 0.000 ; free physical = 7160 ; free virtual = 14510
INFO: [Opt 31-662] Phase BUFG optimization created 0 cells of which 0 are BUFGs and removed 0 cells.
INFO: [Opt 31-1021] In phase BUFG optimization, 1 netlist objects are constrained preventing optimization. Please run opt_design with -debug_log to get more detail. 

Phase 5 Shift Register Optimization
INFO: [Opt 31-1064] SRL Remap converted 0 SRLs to 0 registers and converted 0 registers of register chains to 0 SRLs
Phase 5 Shift Register Optimization | Checksum: 11af2c325

Time (s): cpu = 00:00:00.06 ; elapsed = 00:00:00.05 . Memory (MB): peak = 2948.223 ; gain = 0.000 ; free physical = 7160 ; free virtual = 14510
INFO: [Opt 31-389] Phase Shift Register Optimization created 0 cells and removed 0 cells

Phase 6 Post Processing Netlist
Phase 6 Post Processing Netlist | Checksum: 11af2c325

Time (s): cpu = 00:00:00.06 ; elapsed = 00:00:00.05 . Memory (MB): peak = 2948.223 ; gain = 0.000 ; free physical = 7160 ; free virtual = 14510
INFO: [Opt 31-389] Phase Post Processing Netlist created 0 cells and removed 0 cells
Opt_design Change Summary
=========================


-------------------------------------------------------------------------------------------------------------------------
|  Phase                        |  #Cells created  |  #Cells Removed  |  #Constrained objects preventing optimizations  |
-------------------------------------------------------------------------------------------------------------------------
|  Retarget                     |               0  |               0  |                                              1  |
|  Constant propagation         |               0  |               0  |                                              0  |
|  Sweep                        |               0  |               0  |                                              2  |
|  BUFG optimization            |               0  |               0  |                                              1  |
|  Shift Register Optimization  |               0  |               0  |                                              0  |
|  Post Processing Netlist      |               0  |               0  |                                              0  |
-------------------------------------------------------------------------------------------------------------------------



Starting Connectivity Check Task

Time (s): cpu = 00:00:00 ; elapsed = 00:00:00 . Memory (MB): peak = 2948.223 ; gain = 0.000 ; free physical = 7161 ; free virtual = 14510
Ending Logic Optimization Task | Checksum: cabe637c

Time (s): cpu = 00:00:00.07 ; elapsed = 00:00:00.06 . Memory (MB): peak = 2948.223 ; gain = 0.000 ; free physical = 7161 ; free virtual = 14510

Starting Power Optimization Task
INFO: [Pwropt 34-132] Skipping clock gating for clocks with a period < 2.00 ns.
Ending Power Optimization Task | Checksum: cabe637c

Time (s): cpu = 00:00:00 ; elapsed = 00:00:00 . Memory (MB): peak = 2948.223 ; gain = 0.000 ; free physical = 7300 ; free virtual = 14649

Starting Final Cleanup Task
Ending Final Cleanup Task | Checksum: cabe637c

Time (s): cpu = 00:00:00 ; elapsed = 00:00:00 . Memory (MB): peak = 2948.223 ; gain = 0.000 ; free physical = 7300 ; free virtual = 14649

Starting Netlist Obfuscation Task
Netlist sorting complete. Time (s): cpu = 00:00:00 ; elapsed = 00:00:00 . Memory (MB): peak = 2948.223 ; gain = 0.000 ; free physical = 7300 ; free virtual = 14649
Ending Netlist Obfuscation Task | Checksum: cabe637c

Time (s): cpu = 00:00:00 ; elapsed = 00:00:00 . Memory (MB): peak = 2948.223 ; gain = 0.000 ; free physical = 7300 ; free virtual = 14649
INFO: [Common 17-83] Releasing license: Implementation
20 Infos, 0 Warnings, 0 Critical Warnings and 0 Errors encountered.
opt_design completed successfully
# place_design -directive default
Command: place_design -directive default
Attempting to get a license for feature 'Implementation' and/or device 'xc7a35t'
INFO: [Common 17-349] Got license for feature 'Implementation' and/or device 'xc7a35t'
INFO: [Timing 38-35] Done setting XDC timing constraints.
INFO: [DRC 23-27] Running DRC with 8 threads
INFO: [Vivado_Tcl 4-198] DRC finished with 0 Errors
INFO: [Vivado_Tcl 4-199] Please refer to the DRC report (report_drc) for more information.
Running DRC as a precondition to command place_design
INFO: [DRC 23-27] Running DRC with 8 threads
INFO: [Vivado_Tcl 4-198] DRC finished with 0 Errors
INFO: [Vivado_Tcl 4-199] Please refer to the DRC report (report_drc) for more information.

Starting Placer Task
INFO: [Place 46-5] The placer was invoked with the 'default' directive.
INFO: [Place 30-611] Multithreading enabled for place_design using a maximum of 8 CPUs

Phase 1 Placer Initialization

Phase 1.1 Placer Initialization Netlist Sorting
Netlist sorting complete. Time (s): cpu = 00:00:00 ; elapsed = 00:00:00 . Memory (MB): peak = 3000.051 ; gain = 0.000 ; free physical = 7264 ; free virtual = 14613
Phase 1.1 Placer Initialization Netlist Sorting | Checksum: 89601a61

Time (s): cpu = 00:00:00 ; elapsed = 00:00:00.02 . Memory (MB): peak = 3000.051 ; gain = 0.000 ; free physical = 7264 ; free virtual = 14613
Netlist sorting complete. Time (s): cpu = 00:00:00 ; elapsed = 00:00:00 . Memory (MB): peak = 3000.051 ; gain = 0.000 ; free physical = 7264 ; free virtual = 14613

Phase 1.2 IO Placement/ Clock Placement/ Build Placer Device
Phase 1.2 IO Placement/ Clock Placement/ Build Placer Device | Checksum: a9606368

Time (s): cpu = 00:00:00.38 ; elapsed = 00:00:00.16 . Memory (MB): peak = 3000.051 ; gain = 0.000 ; free physical = 7296 ; free virtual = 14645

Phase 1.3 Build Placer Netlist Model
Phase 1.3 Build Placer Netlist Model | Checksum: ecf6cc3c

Time (s): cpu = 00:00:00.76 ; elapsed = 00:00:00.30 . Memory (MB): peak = 3000.051 ; gain = 0.000 ; free physical = 7295 ; free virtual = 14645

Phase 1.4 Constrain Clocks/Macros
Phase 1.4 Constrain Clocks/Macros | Checksum: ecf6cc3c

Time (s): cpu = 00:00:00.76 ; elapsed = 00:00:00.30 . Memory (MB): peak = 3000.051 ; gain = 0.000 ; free physical = 7295 ; free virtual = 14645
Phase 1 Placer Initialization | Checksum: ecf6cc3c

Time (s): cpu = 00:00:00.77 ; elapsed = 00:00:00.31 . Memory (MB): peak = 3000.051 ; gain = 0.000 ; free physical = 7295 ; free virtual = 14645

Phase 2 Global Placement

Phase 2.1 Floorplanning
Phase 2.1 Floorplanning | Checksum: 13fd6bc47

Time (s): cpu = 00:00:01 ; elapsed = 00:00:00.37 . Memory (MB): peak = 3000.051 ; gain = 0.000 ; free physical = 7289 ; free virtual = 14638

Phase 2.2 Update Timing before SLR Path Opt
Phase 2.2 Update Timing before SLR Path Opt | Checksum: c1a0819f

Time (s): cpu = 00:00:01 ; elapsed = 00:00:00.40 . Memory (MB): peak = 3000.051 ; gain = 0.000 ; free physical = 7290 ; free virtual = 14639

Phase 2.3 Post-Processing in Floorplanning
Phase 2.3 Post-Processing in Floorplanning | Checksum: c1a0819f

Time (s): cpu = 00:00:01 ; elapsed = 00:00:00.40 . Memory (MB): peak = 3000.051 ; gain = 0.000 ; free physical = 7290 ; free virtual = 14639

Phase 2.4 Global Placement Core

Phase 2.4.1 Physical Synthesis In Placer
INFO: [Physopt 32-1035] Found 0 LUTNM shape to break, 103 LUT instances to create LUTNM shape
INFO: [Physopt 32-1044] Break lutnm for timing: one critical 0, two critical 0, total 0, new lutff created 0
INFO: [Physopt 32-1138] End 1 Pass. Optimized 36 nets or LUTs. Breaked 0 LUT, combined 36 existing LUTs and moved 0 existing LUT
INFO: [Physopt 32-65] No nets found for high-fanout optimization.
INFO: [Physopt 32-232] Optimized 0 net. Created 0 new instance.
INFO: [Physopt 32-775] End 1 Pass. Optimized 0 net or cell. Created 0 new cell, deleted 0 existing cell and moved 0 existing cell
INFO: [Physopt 32-670] No setup violation found.  DSP Register Optimization was not performed.
INFO: [Physopt 32-670] No setup violation found.  Shift Register to Pipeline Optimization was not performed.
INFO: [Physopt 32-670] No setup violation found.  Shift Register Optimization was not performed.
INFO: [Physopt 32-670] No setup violation found.  BRAM Register Optimization was not performed.
INFO: [Physopt 32-670] No setup violation found.  URAM Register Optimization was not performed.
INFO: [Physopt 32-949] No candidate nets found for dynamic/static region interface net replication
INFO: [Physopt 32-775] End 1 Pass. Optimized 0 net or cell. Created 0 new cell, deleted 0 existing cell and moved 0 existing cell
Netlist sorting complete. Time (s): cpu = 00:00:00 ; elapsed = 00:00:00 . Memory (MB): peak = 3000.051 ; gain = 0.000 ; free physical = 7275 ; free virtual = 14624

Summary of Physical Synthesis Optimizations
============================================


-----------------------------------------------------------------------------------------------------------------------------------------------------------
|  Optimization                                     |  Added Cells  |  Removed Cells  |  Optimized Cells/Nets  |  Dont Touch  |  Iterations  |  Elapsed   |
-----------------------------------------------------------------------------------------------------------------------------------------------------------
|  LUT Combining                                    |            0  |             36  |                    36  |           0  |           1  |  00:00:00  |
|  Retime                                           |            0  |              0  |                     0  |           0  |           1  |  00:00:00  |
|  Very High Fanout                                 |            0  |              0  |                     0  |           0  |           1  |  00:00:00  |
|  DSP Register                                     |            0  |              0  |                     0  |           0  |           0  |  00:00:00  |
|  Shift Register to Pipeline                       |            0  |              0  |                     0  |           0  |           0  |  00:00:00  |
|  Shift Register                                   |            0  |              0  |                     0  |           0  |           0  |  00:00:00  |
|  BRAM Register                                    |            0  |              0  |                     0  |           0  |           0  |  00:00:00  |
|  URAM Register                                    |            0  |              0  |                     0  |           0  |           0  |  00:00:00  |
|  Dynamic/Static Region Interface Net Replication  |            0  |              0  |                     0  |           0  |           1  |  00:00:00  |
|  Total                                            |            0  |             36  |                    36  |           0  |           4  |  00:00:00  |
-----------------------------------------------------------------------------------------------------------------------------------------------------------


Phase 2.4.1 Physical Synthesis In Placer | Checksum: c714a54b

Time (s): cpu = 00:00:08 ; elapsed = 00:00:02 . Memory (MB): peak = 3000.051 ; gain = 0.000 ; free physical = 7275 ; free virtual = 14625
Phase 2.4 Global Placement Core | Checksum: bc1e376c

Time (s): cpu = 00:00:08 ; elapsed = 00:00:02 . Memory (MB): peak = 3000.051 ; gain = 0.000 ; free physical = 7276 ; free virtual = 14625
Phase 2 Global Placement | Checksum: bc1e376c

Time (s): cpu = 00:00:08 ; elapsed = 00:00:02 . Memory (MB): peak = 3000.051 ; gain = 0.000 ; free physical = 7276 ; free virtual = 14626

Phase 3 Detail Placement

Phase 3.1 Commit Multi Column Macros
Phase 3.1 Commit Multi Column Macros | Checksum: 119f7ec63

Time (s): cpu = 00:00:09 ; elapsed = 00:00:02 . Memory (MB): peak = 3000.051 ; gain = 0.000 ; free physical = 7277 ; free virtual = 14626

Phase 3.2 Commit Most Macros & LUTRAMs
Phase 3.2 Commit Most Macros & LUTRAMs | Checksum: a3c9d2c7

Time (s): cpu = 00:00:09 ; elapsed = 00:00:02 . Memory (MB): peak = 3000.051 ; gain = 0.000 ; free physical = 7276 ; free virtual = 14626

Phase 3.3 Area Swap Optimization
Phase 3.3 Area Swap Optimization | Checksum: 13e066ecb

Time (s): cpu = 00:00:09 ; elapsed = 00:00:02 . Memory (MB): peak = 3000.051 ; gain = 0.000 ; free physical = 7276 ; free virtual = 14626

Phase 3.4 Pipeline Register Optimization
Phase 3.4 Pipeline Register Optimization | Checksum: ff68c8cc

Time (s): cpu = 00:00:09 ; elapsed = 00:00:02 . Memory (MB): peak = 3000.051 ; gain = 0.000 ; free physical = 7276 ; free virtual = 14625

Phase 3.5 Fast Optimization
Phase 3.5 Fast Optimization | Checksum: 1518f83b3

Time (s): cpu = 00:00:09 ; elapsed = 00:00:02 . Memory (MB): peak = 3000.051 ; gain = 0.000 ; free physical = 7275 ; free virtual = 14625

Phase 3.6 Small Shape Detail Placement
Phase 3.6 Small Shape Detail Placement | Checksum: 11bbff3d8

Time (s): cpu = 00:00:09 ; elapsed = 00:00:02 . Memory (MB): peak = 3000.051 ; gain = 0.000 ; free physical = 7273 ; free virtual = 14623

Phase 3.7 Re-assign LUT pins
Phase 3.7 Re-assign LUT pins | Checksum: 1437e1174

Time (s): cpu = 00:00:09 ; elapsed = 00:00:02 . Memory (MB): peak = 3000.051 ; gain = 0.000 ; free physical = 7273 ; free virtual = 14623

Phase 3.8 Pipeline Register Optimization
Phase 3.8 Pipeline Register Optimization | Checksum: 101df6f8d

Time (s): cpu = 00:00:09 ; elapsed = 00:00:02 . Memory (MB): peak = 3000.051 ; gain = 0.000 ; free physical = 7273 ; free virtual = 14623
Phase 3 Detail Placement | Checksum: 101df6f8d

Time (s): cpu = 00:00:09 ; elapsed = 00:00:02 . Memory (MB): peak = 3000.051 ; gain = 0.000 ; free physical = 7273 ; free virtual = 14623

Phase 4 Post Placement Optimization and Clean-Up

Phase 4.1 Post Commit Optimization
INFO: [Timing 38-35] Done setting XDC timing constraints.

Phase 4.1.1 Post Placement Optimization
Post Placement Optimization Initialization | Checksum: 1d407a879

Phase 4.1.1.1 BUFG Insertion

Starting Physical Synthesis Task

Phase 1 Physical Synthesis Initialization
INFO: [Physopt 32-721] Multithreading enabled for phys_opt_design using a maximum of 8 CPUs
INFO: [Physopt 32-619] Estimated Timing Summary | WNS=-0.264 | TNS=-0.919 |
Phase 1 Physical Synthesis Initialization | Checksum: 168d6191d

Time (s): cpu = 00:00:00.08 ; elapsed = 00:00:00.01 . Memory (MB): peak = 3000.051 ; gain = 0.000 ; free physical = 7272 ; free virtual = 14622
INFO: [Place 46-56] BUFG insertion identified 0 candidate nets. Inserted BUFG: 0, Replicated BUFG Driver: 0, Skipped due to Placement/Routing Conflicts: 0, Skipped due to Timing Degradation: 0, Skipped due to Illegal Netlist: 0.
Ending Physical Synthesis Task | Checksum: 1b599367f

Time (s): cpu = 00:00:00.09 ; elapsed = 00:00:00.01 . Memory (MB): peak = 3000.051 ; gain = 0.000 ; free physical = 7272 ; free virtual = 14622
Phase 4.1.1.1 BUFG Insertion | Checksum: 1d407a879

Time (s): cpu = 00:00:10 ; elapsed = 00:00:02 . Memory (MB): peak = 3000.051 ; gain = 0.000 ; free physical = 7272 ; free virtual = 14622

Phase 4.1.1.2 Post Placement Timing Optimization
INFO: [Place 30-746] Post Placement Timing Summary WNS=0.557. For the most accurate timing information please run report_timing.
Phase 4.1.1.2 Post Placement Timing Optimization | Checksum: 18427a90d

Time (s): cpu = 00:00:11 ; elapsed = 00:00:03 . Memory (MB): peak = 3000.051 ; gain = 0.000 ; free physical = 7271 ; free virtual = 14621

Time (s): cpu = 00:00:11 ; elapsed = 00:00:03 . Memory (MB): peak = 3000.051 ; gain = 0.000 ; free physical = 7271 ; free virtual = 14621
Phase 4.1 Post Commit Optimization | Checksum: 18427a90d

Time (s): cpu = 00:00:11 ; elapsed = 00:00:03 . Memory (MB): peak = 3000.051 ; gain = 0.000 ; free physical = 7271 ; free virtual = 14621

Phase 4.2 Post Placement Cleanup
Phase 4.2 Post Placement Cleanup | Checksum: 18427a90d

Time (s): cpu = 00:00:11 ; elapsed = 00:00:03 . Memory (MB): peak = 3000.051 ; gain = 0.000 ; free physical = 7272 ; free virtual = 14622

Phase 4.3 Placer Reporting

Phase 4.3.1 Print Estimated Congestion
INFO: [Place 30-612] Post-Placement Estimated Congestion 
 ____________________________________________________
|           | Global Congestion | Short Congestion  |
| Direction | Region Size       | Region Size       |
|___________|___________________|___________________|
|      North|                1x1|                1x1|
|___________|___________________|___________________|
|      South|                1x1|                1x1|
|___________|___________________|___________________|
|       East|                1x1|                1x1|
|___________|___________________|___________________|
|       West|                1x1|                1x1|
|___________|___________________|___________________|

Phase 4.3.1 Print Estimated Congestion | Checksum: 18427a90d

Time (s): cpu = 00:00:11 ; elapsed = 00:00:03 . Memory (MB): peak = 3000.051 ; gain = 0.000 ; free physical = 7273 ; free virtual = 14622
Phase 4.3 Placer Reporting | Checksum: 18427a90d

Time (s): cpu = 00:00:11 ; elapsed = 00:00:03 . Memory (MB): peak = 3000.051 ; gain = 0.000 ; free physical = 7273 ; free virtual = 14622

Phase 4.4 Final Placement Cleanup
Netlist sorting complete. Time (s): cpu = 00:00:00 ; elapsed = 00:00:00 . Memory (MB): peak = 3000.051 ; gain = 0.000 ; free physical = 7273 ; free virtual = 14622

Time (s): cpu = 00:00:11 ; elapsed = 00:00:03 . Memory (MB): peak = 3000.051 ; gain = 0.000 ; free physical = 7273 ; free virtual = 14622
Phase 4 Post Placement Optimization and Clean-Up | Checksum: 16dcee988

Time (s): cpu = 00:00:11 ; elapsed = 00:00:03 . Memory (MB): peak = 3000.051 ; gain = 0.000 ; free physical = 7273 ; free virtual = 14622
Ending Placer Task | Checksum: e32ca673

Time (s): cpu = 00:00:11 ; elapsed = 00:00:03 . Memory (MB): peak = 3000.051 ; gain = 0.000 ; free physical = 7273 ; free virtual = 14622
INFO: [Common 17-83] Releasing license: Implementation
30 Infos, 0 Warnings, 0 Critical Warnings and 0 Errors encountered.
place_design completed successfully
# report_utilization -hierarchical -file top_utilization_hierarchical_place.rpt
# report_utilization -file top_utilization_place.rpt
# report_io -file top_io.rpt
report_io: Time (s): cpu = 00:00:00.08 ; elapsed = 00:00:00.11 . Memory (MB): peak = 3000.051 ; gain = 0.000 ; free physical = 7278 ; free virtual = 14628
# report_control_sets -verbose -file top_control_sets.rpt
report_control_sets: Time (s): cpu = 00:00:00.02 ; elapsed = 00:00:00.07 . Memory (MB): peak = 3000.051 ; gain = 0.000 ; free physical = 7285 ; free virtual = 14635
# report_clock_utilization -file top_clock_utilization.rpt
# route_design -directive default
Command: route_design -directive default
Attempting to get a license for feature 'Implementation' and/or device 'xc7a35t'
INFO: [Common 17-349] Got license for feature 'Implementation' and/or device 'xc7a35t'
Running DRC as a precondition to command route_design
INFO: [DRC 23-27] Running DRC with 8 threads
INFO: [Vivado_Tcl 4-198] DRC finished with 0 Errors
INFO: [Vivado_Tcl 4-199] Please refer to the DRC report (report_drc) for more information.


Starting Routing Task
INFO: [Route 35-270] Using Router directive 'default'.
INFO: [Route 35-254] Multithreading enabled for route_design using a maximum of 8 CPUs
Checksum: PlaceDB: 31da510b ConstDB: 0 ShapeSum: b1525568 RouteDB: 0

Phase 1 Build RT Design
Phase 1 Build RT Design | Checksum: 1b847091e

Time (s): cpu = 00:00:09 ; elapsed = 00:00:08 . Memory (MB): peak = 3000.051 ; gain = 0.000 ; free physical = 7151 ; free virtual = 14500
Post Restoration Checksum: NetGraph: da5efb80 NumContArr: dde80d9e Constraints: 0 Timing: 0

Phase 2 Router Initialization

Phase 2.1 Create Timer
Phase 2.1 Create Timer | Checksum: 1b847091e

Time (s): cpu = 00:00:09 ; elapsed = 00:00:08 . Memory (MB): peak = 3000.051 ; gain = 0.000 ; free physical = 7151 ; free virtual = 14501

Phase 2.2 Fix Topology Constraints
Phase 2.2 Fix Topology Constraints | Checksum: 1b847091e

Time (s): cpu = 00:00:09 ; elapsed = 00:00:08 . Memory (MB): peak = 3000.051 ; gain = 0.000 ; free physical = 7119 ; free virtual = 14469

Phase 2.3 Pre Route Cleanup
Phase 2.3 Pre Route Cleanup | Checksum: 1b847091e

Time (s): cpu = 00:00:09 ; elapsed = 00:00:08 . Memory (MB): peak = 3000.051 ; gain = 0.000 ; free physical = 7119 ; free virtual = 14469
 Number of Nodes with overlaps = 0

Phase 2.4 Update Timing
Phase 2.4 Update Timing | Checksum: e689f5ca

Time (s): cpu = 00:00:09 ; elapsed = 00:00:08 . Memory (MB): peak = 3000.051 ; gain = 0.000 ; free physical = 7113 ; free virtual = 14462
INFO: [Route 35-416] Intermediate Timing Summary | WNS=0.716  | TNS=0.000  | WHS=-0.134 | THS=-0.318 |

Phase 2 Router Initialization | Checksum: 12c646b19

Time (s): cpu = 00:00:09 ; elapsed = 00:00:08 . Memory (MB): peak = 3000.051 ; gain = 0.000 ; free physical = 7113 ; free virtual = 14462

Router Utilization Summary
  Global Vertical Routing Utilization    = 0 %
  Global Horizontal Routing Utilization  = 0 %
  Routable Net Status*
  *Does not include unroutable nets such as driverless and loadless.
  Run report_route_status for detailed report.
  Number of Failed Nets               = 428
    (Failed Nets is the sum of unrouted and partially routed nets)
  Number of Unrouted Nets             = 428
  Number of Partially Routed Nets     = 0
  Number of Node Overlaps             = 0


Phase 3 Initial Routing

Phase 3.1 Global Routing
Phase 3.1 Global Routing | Checksum: 12c646b19

Time (s): cpu = 00:00:10 ; elapsed = 00:00:08 . Memory (MB): peak = 3000.051 ; gain = 0.000 ; free physical = 7111 ; free virtual = 14460
Phase 3 Initial Routing | Checksum: b49f2d39

Time (s): cpu = 00:00:10 ; elapsed = 00:00:08 . Memory (MB): peak = 3000.051 ; gain = 0.000 ; free physical = 7113 ; free virtual = 14463

Phase 4 Rip-up And Reroute

Phase 4.1 Global Iteration 0
 Number of Nodes with overlaps = 191
 Number of Nodes with overlaps = 71
 Number of Nodes with overlaps = 33
 Number of Nodes with overlaps = 22
 Number of Nodes with overlaps = 14
 Number of Nodes with overlaps = 7
 Number of Nodes with overlaps = 4
 Number of Nodes with overlaps = 4
 Number of Nodes with overlaps = 4
 Number of Nodes with overlaps = 2
 Number of Nodes with overlaps = 2
 Number of Nodes with overlaps = 1
 Number of Nodes with overlaps = 1
 Number of Nodes with overlaps = 1
 Number of Nodes with overlaps = 0
INFO: [Route 35-416] Intermediate Timing Summary | WNS=0.345  | TNS=0.000  | WHS=N/A    | THS=N/A    |

Phase 4.1 Global Iteration 0 | Checksum: 1cd4b61ee

Time (s): cpu = 00:00:12 ; elapsed = 00:00:09 . Memory (MB): peak = 3000.051 ; gain = 0.000 ; free physical = 7118 ; free virtual = 14467
Phase 4 Rip-up And Reroute | Checksum: 1cd4b61ee

Time (s): cpu = 00:00:12 ; elapsed = 00:00:09 . Memory (MB): peak = 3000.051 ; gain = 0.000 ; free physical = 7118 ; free virtual = 14467

Phase 5 Delay and Skew Optimization

Phase 5.1 Delay CleanUp
Phase 5.1 Delay CleanUp | Checksum: 1cd4b61ee

Time (s): cpu = 00:00:12 ; elapsed = 00:00:09 . Memory (MB): peak = 3000.051 ; gain = 0.000 ; free physical = 7118 ; free virtual = 14467

Phase 5.2 Clock Skew Optimization
Phase 5.2 Clock Skew Optimization | Checksum: 1cd4b61ee

Time (s): cpu = 00:00:12 ; elapsed = 00:00:09 . Memory (MB): peak = 3000.051 ; gain = 0.000 ; free physical = 7118 ; free virtual = 14467
Phase 5 Delay and Skew Optimization | Checksum: 1cd4b61ee

Time (s): cpu = 00:00:12 ; elapsed = 00:00:09 . Memory (MB): peak = 3000.051 ; gain = 0.000 ; free physical = 7117 ; free virtual = 14467

Phase 6 Post Hold Fix

Phase 6.1 Hold Fix Iter

Phase 6.1.1 Update Timing
Phase 6.1.1 Update Timing | Checksum: 1612bbe71

Time (s): cpu = 00:00:12 ; elapsed = 00:00:09 . Memory (MB): peak = 3000.051 ; gain = 0.000 ; free physical = 7117 ; free virtual = 14467
INFO: [Route 35-416] Intermediate Timing Summary | WNS=0.439  | TNS=0.000  | WHS=0.117  | THS=0.000  |

Phase 6.1 Hold Fix Iter | Checksum: 1612bbe71

Time (s): cpu = 00:00:12 ; elapsed = 00:00:09 . Memory (MB): peak = 3000.051 ; gain = 0.000 ; free physical = 7117 ; free virtual = 14467
Phase 6 Post Hold Fix | Checksum: 1612bbe71

Time (s): cpu = 00:00:12 ; elapsed = 00:00:09 . Memory (MB): peak = 3000.051 ; gain = 0.000 ; free physical = 7117 ; free virtual = 14467

Phase 7 Route finalize

Router Utilization Summary
  Global Vertical Routing Utilization    = 0.140716 %
  Global Horizontal Routing Utilization  = 0.186101 %
  Routable Net Status*
  *Does not include unroutable nets such as driverless and loadless.
  Run report_route_status for detailed report.
  Number of Failed Nets               = 0
    (Failed Nets is the sum of unrouted and partially routed nets)
  Number of Unrouted Nets             = 0
  Number of Partially Routed Nets     = 0
  Number of Node Overlaps             = 0

Phase 7 Route finalize | Checksum: 1c5b63660

Time (s): cpu = 00:00:12 ; elapsed = 00:00:09 . Memory (MB): peak = 3000.051 ; gain = 0.000 ; free physical = 7117 ; free virtual = 14467

Phase 8 Verifying routed nets

 Verification completed successfully
Phase 8 Verifying routed nets | Checksum: 1c5b63660

Time (s): cpu = 00:00:12 ; elapsed = 00:00:09 . Memory (MB): peak = 3000.051 ; gain = 0.000 ; free physical = 7116 ; free virtual = 14466

Phase 9 Depositing Routes
Phase 9 Depositing Routes | Checksum: 19651b0ba

Time (s): cpu = 00:00:13 ; elapsed = 00:00:09 . Memory (MB): peak = 3001.055 ; gain = 1.004 ; free physical = 7116 ; free virtual = 14466

Phase 10 Post Router Timing
INFO: [Route 35-57] Estimated Timing Summary | WNS=0.439  | TNS=0.000  | WHS=0.117  | THS=0.000  |

INFO: [Route 35-327] The final timing numbers are based on the router estimated timing analysis. For a complete and accurate timing signoff, please run report_timing_summary.
Phase 10 Post Router Timing | Checksum: 19651b0ba

Time (s): cpu = 00:00:13 ; elapsed = 00:00:09 . Memory (MB): peak = 3001.055 ; gain = 1.004 ; free physical = 7119 ; free virtual = 14468
INFO: [Route 35-16] Router Completed Successfully

Time (s): cpu = 00:00:13 ; elapsed = 00:00:09 . Memory (MB): peak = 3001.055 ; gain = 1.004 ; free physical = 7152 ; free virtual = 14502

Routing Is Done.
INFO: [Common 17-83] Releasing license: Implementation
13 Infos, 0 Warnings, 0 Critical Warnings and 0 Errors encountered.
route_design completed successfully
route_design: Time (s): cpu = 00:00:14 ; elapsed = 00:00:10 . Memory (MB): peak = 3001.055 ; gain = 1.004 ; free physical = 7152 ; free virtual = 14501
# phys_opt_design -directive default
Command: phys_opt_design -directive default
Attempting to get a license for feature 'Implementation' and/or device 'xc7a35t'
INFO: [Common 17-349] Got license for feature 'Implementation' and/or device 'xc7a35t'
INFO: [Vivado_Tcl 4-241] Physical synthesis in post route mode ( 100.0% nets are fully routed)
INFO: [Vivado_Tcl 4-137] Directive used for phys_opt_design is: default
INFO: [Vivado_Tcl 4-383] Design worst setup slack (WNS) is greater than or equal to 0.000 ns. Skipping all physical synthesis optimizations.
INFO: [Vivado_Tcl 4-232] No setup violation found. The netlist was not modified.
INFO: [Common 17-83] Releasing license: Implementation
6 Infos, 0 Warnings, 0 Critical Warnings and 0 Errors encountered.
phys_opt_design completed successfully
# write_checkpoint -force top_route.dcp
INFO: [Timing 38-480] Writing timing data to binary archive.
Writing placer database...
Writing XDEF routing.
Writing XDEF routing logical nets.
Writing XDEF routing special nets.
Write XDEF Complete: Time (s): cpu = 00:00:00.08 ; elapsed = 00:00:00.03 . Memory (MB): peak = 3001.055 ; gain = 0.000 ; free physical = 7148 ; free virtual = 14499
INFO: [Common 17-1381] The checkpoint '/home/primeshp/enjoy-digital/fpga_101/pintorv32/build/top_route.dcp' has been generated.
# report_timing_summary -no_header -no_detailed_paths
INFO: [Timing 38-91] UpdateTimingParams: Speed grade: -1, Delay Type: min_max.
INFO: [Timing 38-191] Multithreading enabled for timing update using a maximum of 8 CPUs
------------------------------------------------------------------------------------------------
| Timer Settings
| --------------
------------------------------------------------------------------------------------------------

  Enable Multi Corner Analysis               :  Yes
  Enable Pessimism Removal                   :  Yes
  Pessimism Removal Resolution               :  Nearest Common Node
  Enable Input Delay Default Clock           :  No
  Enable Preset / Clear Arcs                 :  No
  Disable Flight Delays                      :  No
  Ignore I/O Paths                           :  No
  Timing Early Launch at Borrowing Latches   :  No
  Borrow Time for Max Delay Exceptions       :  Yes
  Merge Timing Exceptions                    :  Yes

  Corner  Analyze    Analyze    
  Name    Max Paths  Min Paths  
  ------  ---------  ---------  
  Slow    Yes        Yes        
  Fast    Yes        Yes        


------------------------------------------------------------------------------------------------
| Report Methodology
| ------------------
------------------------------------------------------------------------------------------------

No report available as report_methodology has not been run prior. Run report_methodology on the current design for the summary of methodology violations.



check_timing report

Table of Contents
-----------------
1. checking no_clock (0)
2. checking constant_clock (0)
3. checking pulse_width_clock (0)
4. checking unconstrained_internal_endpoints (0)
5. checking no_input_delay (0)
6. checking no_output_delay (2)
7. checking multiple_clock (0)
8. checking generated_clocks (0)
9. checking loops (0)
10. checking partial_input_delay (0)
11. checking partial_output_delay (0)
12. checking latch_loops (0)

1. checking no_clock (0)
------------------------
 There are 0 register/latch pins with no clock.


2. checking constant_clock (0)
------------------------------
 There are 0 register/latch pins with constant_clock.


3. checking pulse_width_clock (0)
---------------------------------
 There are 0 register/latch pins which need pulse_width check


4. checking unconstrained_internal_endpoints (0)
------------------------------------------------
 There are 0 pins that are not constrained for maximum delay.

 There are 0 pins that are not constrained for maximum delay due to constant clock.


5. checking no_input_delay (0)
------------------------------
 There are 0 input ports with no input delay specified.

 There are 0 input ports with no input delay but user has a false path constraint.


6. checking no_output_delay (2)
-------------------------------
 There are 2 ports with no output delay specified. (HIGH)

 There are 0 ports with no output delay but user has a false path constraint

 There are 0 ports with no output delay but with a timing clock defined on it or propagating through it


7. checking multiple_clock (0)
------------------------------
 There are 0 register/latch pins with multiple clocks.


8. checking generated_clocks (0)
--------------------------------
 There are 0 generated clocks that are not connected to a clock source.


9. checking loops (0)
---------------------
 There are 0 combinational loops in the design.


10. checking partial_input_delay (0)
------------------------------------
 There are 0 input ports with partial input delay specified.


11. checking partial_output_delay (0)
-------------------------------------
 There are 0 ports with partial output delay specified.


12. checking latch_loops (0)
----------------------------
 There are 0 combinational latch loops in the design through latch input



------------------------------------------------------------------------------------------------
| Design Timing Summary
| ---------------------
------------------------------------------------------------------------------------------------

    WNS(ns)      TNS(ns)  TNS Failing Endpoints  TNS Total Endpoints      WHS(ns)      THS(ns)  THS Failing Endpoints  THS Total Endpoints     WPWS(ns)     TPWS(ns)  TPWS Failing Endpoints  TPWS Total Endpoints  
    -------      -------  ---------------------  -------------------      -------      -------  ---------------------  -------------------     --------     --------  ----------------------  --------------------  
      0.461        0.000                      0                  668        0.133        0.000                      0                  668        3.750        0.000                       0                   126  


All user specified timing constraints are met.


------------------------------------------------------------------------------------------------
| Clock Summary
| -------------
------------------------------------------------------------------------------------------------

Clock   Waveform(ns)       Period(ns)      Frequency(MHz)
-----   ------------       ----------      --------------
clk100  {0.000 5.000}      10.000          100.000         


------------------------------------------------------------------------------------------------
| Intra Clock Table
| -----------------
------------------------------------------------------------------------------------------------

Clock             WNS(ns)      TNS(ns)  TNS Failing Endpoints  TNS Total Endpoints      WHS(ns)      THS(ns)  THS Failing Endpoints  THS Total Endpoints     WPWS(ns)     TPWS(ns)  TPWS Failing Endpoints  TPWS Total Endpoints  
-----             -------      -------  ---------------------  -------------------      -------      -------  ---------------------  -------------------     --------     --------  ----------------------  --------------------  
clk100              0.461        0.000                      0                  668        0.133        0.000                      0                  668        3.750        0.000                       0                   126  


------------------------------------------------------------------------------------------------
| Inter Clock Table
| -----------------
------------------------------------------------------------------------------------------------

From Clock    To Clock          WNS(ns)      TNS(ns)  TNS Failing Endpoints  TNS Total Endpoints      WHS(ns)      THS(ns)  THS Failing Endpoints  THS Total Endpoints  
----------    --------          -------      -------  ---------------------  -------------------      -------      -------  ---------------------  -------------------  


------------------------------------------------------------------------------------------------
| Other Path Groups Table
| -----------------------
------------------------------------------------------------------------------------------------

Path Group    From Clock    To Clock          WNS(ns)      TNS(ns)  TNS Failing Endpoints  TNS Total Endpoints      WHS(ns)      THS(ns)  THS Failing Endpoints  THS Total Endpoints  
----------    ----------    --------          -------      -------  ---------------------  -------------------      -------      -------  ---------------------  -------------------  


# report_route_status -file top_route_status.rpt
# report_drc -file top_drc.rpt
Command: report_drc -file top_drc.rpt
INFO: [IP_Flow 19-234] Refreshing IP repositories
INFO: [IP_Flow 19-1704] No user IP repositories specified
INFO: [IP_Flow 19-2313] Loaded Vivado IP repository '/tools/Xilinx/Vivado/2021.1/data/ip'.
INFO: [DRC 23-27] Running DRC with 8 threads
INFO: [Vivado_Tcl 2-168] The results of DRC are in file /home/primeshp/enjoy-digital/fpga_101/pintorv32/build/top_drc.rpt.
report_drc completed successfully
# report_timing_summary -datasheet -max_paths 10 -file top_timing.rpt
INFO: [Timing 38-91] UpdateTimingParams: Speed grade: -1, Delay Type: min_max.
INFO: [Timing 38-191] Multithreading enabled for timing update using a maximum of 8 CPUs
# report_power -file top_power.rpt
Command: report_power -file top_power.rpt
Running Vector-less Activity Propagation...

Finished Running Vector-less Activity Propagation
0 Infos, 0 Warnings, 0 Critical Warnings and 0 Errors encountered.
report_power completed successfully
# write_bitstream -force top.bit 
Command: write_bitstream -force top.bit
Attempting to get a license for feature 'Implementation' and/or device 'xc7a35t'
INFO: [Common 17-349] Got license for feature 'Implementation' and/or device 'xc7a35t'
Running DRC as a precondition to command write_bitstream
INFO: [IP_Flow 19-1839] IP Catalog is up to date.
INFO: [DRC 23-27] Running DRC with 8 threads
WARNING: [DRC CFGBVS-1] Missing CFGBVS and CONFIG_VOLTAGE Design Properties: Neither the CFGBVS nor CONFIG_VOLTAGE voltage property is set in the current_design.  Configuration bank voltage select (CFGBVS) must be set to VCCO or GND, and CONFIG_VOLTAGE must be set to the correct configuration voltage, in order to determine the I/O voltage support for the pins in bank 0.  It is suggested to specify these either using the 'Edit Device Properties' function in the GUI or directly in the XDC file using the following syntax:

 set_property CFGBVS value1 [current_design]
 #where value1 is either VCCO or GND

 set_property CONFIG_VOLTAGE value2 [current_design]
 #where value2 is the voltage provided to configuration bank 0

Refer to the device configuration user guide for more information.
INFO: [Vivado 12-3199] DRC finished with 0 Errors, 1 Warnings
INFO: [Vivado 12-3200] Please refer to the DRC report (report_drc) for more information.
INFO: [Designutils 20-2272] Running write_bitstream with 8 threads.
Loading data files...
Loading site data...
Loading route data...
Processing options...
Creating bitmap...
Creating bitstream...
Writing bitstream ./top.bit...
INFO: [Vivado 12-1842] Bitgen Completed Successfully.
INFO: [#UNDEF] WebTalk data collection is mandatory when using a WebPACK part without a full Vivado license. To see the specific WebTalk data collected for your design, open the usage_statistics_webtalk.html or usage_statistics_webtalk.xml file in the implementation directory.
INFO: [Common 17-186] '/home/primeshp/enjoy-digital/fpga_101/pintorv32/build/usage_statistics_webtalk.xml' has been successfully sent to Xilinx on Sun Jan  9 18:09:57 2022. For additional details about this file, please refer to the WebTalk help file at /tools/Xilinx/Vivado/2021.1/doc/webtalk_introduction.html.
INFO: [Common 17-83] Releasing license: Implementation
10 Infos, 1 Warnings, 0 Critical Warnings and 0 Errors encountered.
write_bitstream completed successfully
write_bitstream: Time (s): cpu = 00:00:07 ; elapsed = 00:00:11 . Memory (MB): peak = 3300.758 ; gain = 211.320 ; free physical = 7124 ; free virtual = 14473
# quit
INFO: [Common 17-206] Exiting Vivado at Sun Jan  9 18:09:57 2022...
